{"C:\\Users\\User\\Desktop\\API_REST\\src\\app.js": {"path":"C:\\Users\\User\\Desktop\\API_REST\\src\\app.js","statementMap":{"0":{"start":{"line":1,"column":16},"end":{"line":1,"column":34}},"1":{"start":{"line":2,"column":12},"end":{"line":2,"column":21}},"2":{"start":{"line":3,"column":19},"end":{"line":3,"column":41}},"3":{"start":{"line":4,"column":15},"end":{"line":4,"column":34}},"4":{"start":{"line":5,"column":13},"end":{"line":5,"column":28}},"5":{"start":{"line":14,"column":0},"end":{"line":14,"column":52}},"6":{"start":{"line":15,"column":0},"end":{"line":15,"column":27}},"7":{"start":{"line":16,"column":0},"end":{"line":16,"column":67}},"8":{"start":{"line":17,"column":0},"end":{"line":17,"column":16}},"9":{"start":{"line":18,"column":0},"end":{"line":18,"column":16}},"10":{"start":{"line":19,"column":0},"end":{"line":21,"column":3}},"11":{"start":{"line":20,"column":4},"end":{"line":20,"column":27}},"12":{"start":{"line":23,"column":0},"end":{"line":23,"column":21}}},"fnMap":{"0":{"name":"(anonymous_0)","decl":{"start":{"line":19,"column":13},"end":{"line":19,"column":14}},"loc":{"start":{"line":19,"column":27},"end":{"line":21,"column":1}},"line":19}},"branchMap":{},"s":{"0":4,"1":4,"2":4,"3":4,"4":4,"5":4,"6":4,"7":4,"8":4,"9":4,"10":4,"11":1,"12":4},"f":{"0":1},"b":{},"_coverageSchema":"332fd63041d2c1bcb487cc26dd0d5f7d97098a6c","hash":"30a340e8c174aee5e1449744101829ac5c46fddd"}
,"C:\\Users\\User\\Desktop\\API_REST\\src\\routes.js": {"path":"C:\\Users\\User\\Desktop\\API_REST\\src\\routes.js","statementMap":{"0":{"start":{"line":1,"column":16},"end":{"line":1,"column":34}},"1":{"start":{"line":2,"column":14},"end":{"line":2,"column":30}},"2":{"start":{"line":3,"column":24},"end":{"line":3,"column":63}},"3":{"start":{"line":4,"column":26},"end":{"line":4,"column":67}},"4":{"start":{"line":5,"column":23},"end":{"line":5,"column":62}},"5":{"start":{"line":8,"column":24},"end":{"line":8,"column":45}},"6":{"start":{"line":9,"column":26},"end":{"line":9,"column":49}},"7":{"start":{"line":10,"column":23},"end":{"line":10,"column":43}},"8":{"start":{"line":13,"column":0},"end":{"line":13,"column":45}},"9":{"start":{"line":14,"column":0},"end":{"line":14,"column":49}},"10":{"start":{"line":17,"column":0},"end":{"line":17,"column":56}},"11":{"start":{"line":18,"column":0},"end":{"line":18,"column":56}},"12":{"start":{"line":19,"column":0},"end":{"line":19,"column":50}},"13":{"start":{"line":20,"column":0},"end":{"line":20,"column":53}},"14":{"start":{"line":21,"column":0},"end":{"line":21,"column":56}},"15":{"start":{"line":24,"column":0},"end":{"line":24,"column":54}},"16":{"start":{"line":25,"column":0},"end":{"line":25,"column":23}}},"fnMap":{},"branchMap":{},"s":{"0":4,"1":4,"2":4,"3":4,"4":4,"5":4,"6":4,"7":4,"8":4,"9":4,"10":4,"11":4,"12":4,"13":4,"14":4,"15":4,"16":4},"f":{},"b":{},"_coverageSchema":"332fd63041d2c1bcb487cc26dd0d5f7d97098a6c","hash":"c3082f8c959d75edcff615063d8d188d80ce43dd"}
,"C:\\Users\\User\\Desktop\\API_REST\\src\\server.js": {"path":"C:\\Users\\User\\Desktop\\API_REST\\src\\server.js","statementMap":{"0":{"start":{"line":1,"column":12},"end":{"line":1,"column":0}},"1":{"start":{"line":3,"column":0},"end":{"line":null,"column":-1}},"2":{"start":{"line":4,"column":4},"end":{"line":null,"column":-1}}},"fnMap":{"0":{"name":"(anonymous_0)","decl":{"start":{"line":3,"column":17},"end":{"line":3,"column":22}},"loc":{"start":{"line":3,"column":23},"end":{"line":3,"column":0}}}},"branchMap":{},"s":{"0":0,"1":0,"2":0},"f":{"0":0},"b":{}}
,"C:\\Users\\User\\Desktop\\API_REST\\src\\config\\passport.js": {"path":"C:\\Users\\User\\Desktop\\API_REST\\src\\config\\passport.js","statementMap":{"0":{"start":{"line":2,"column":3},"end":{"line":11,"column":4}},"1":{"start":{"line":3,"column":4},"end":{"line":7,"column":5}},"2":{"start":{"line":4,"column":8},"end":{"line":null,"column":-1}},"3":{"start":{"line":6,"column":8},"end":{"line":null,"column":-1}},"4":{"start":{"line":9,"column":15},"end":{"line":9,"column":4}},"5":{"start":{"line":10,"column":4},"end":{"line":null,"column":-1}},"6":{"start":{"line":13,"column":0},"end":{"line":null,"column":-1}}},"fnMap":{"0":{"name":"adminAuth","decl":{"start":{"line":1,"column":9},"end":{"line":1,"column":0}},"loc":{"start":{"line":1,"column":34},"end":{"line":12,"column":1}}}},"branchMap":{"0":{"loc":{"start":{"line":3,"column":4},"end":{"line":7,"column":5}},"type":"if","locations":[{"start":{"line":3,"column":4},"end":{"line":7,"column":5}},{"start":{"line":3,"column":4},"end":{"line":7,"column":5}}]}},"s":{"0":0,"1":0,"2":0,"3":0,"4":0,"5":0,"6":0},"f":{"0":0},"b":{"0":[0,0]}}
,"C:\\Users\\User\\Desktop\\API_REST\\src\\controller\\AccountController.js": {"path":"C:\\Users\\User\\Desktop\\API_REST\\src\\controller\\AccountController.js","statementMap":{"0":{"start":{"line":1,"column":23},"end":{"line":1,"column":52}},"1":{"start":{"line":2,"column":16},"end":{"line":2,"column":36}},"2":{"start":{"line":6,"column":8},"end":{"line":11,"column":9}},"3":{"start":{"line":7,"column":12},"end":{"line":7,"column":55}},"4":{"start":{"line":8,"column":12},"end":{"line":8,"column":50}},"5":{"start":{"line":10,"column":12},"end":{"line":10,"column":66}},"6":{"start":{"line":14,"column":8},"end":{"line":16,"column":11}},"7":{"start":{"line":15,"column":12},"end":{"line":15,"column":41}},"8":{"start":{"line":19,"column":8},"end":{"line":21,"column":11}},"9":{"start":{"line":20,"column":12},"end":{"line":20,"column":41}},"10":{"start":{"line":24,"column":8},"end":{"line":29,"column":9}},"11":{"start":{"line":25,"column":12},"end":{"line":25,"column":58}},"12":{"start":{"line":26,"column":12},"end":{"line":26,"column":50}},"13":{"start":{"line":28,"column":12},"end":{"line":28,"column":66}},"14":{"start":{"line":32,"column":8},"end":{"line":32,"column":72}},"15":{"start":{"line":32,"column":49},"end":{"line":32,"column":71}},"16":{"start":{"line":35,"column":0},"end":{"line":35,"column":35}}},"fnMap":{"0":{"name":"(anonymous_0)","decl":{"start":{"line":5,"column":4},"end":{"line":5,"column":5}},"loc":{"start":{"line":5,"column":34},"end":{"line":12,"column":5}},"line":5},"1":{"name":"(anonymous_1)","decl":{"start":{"line":13,"column":4},"end":{"line":13,"column":5}},"loc":{"start":{"line":13,"column":34},"end":{"line":17,"column":5}},"line":13},"2":{"name":"(anonymous_2)","decl":{"start":{"line":14,"column":38},"end":{"line":14,"column":39}},"loc":{"start":{"line":14,"column":50},"end":{"line":16,"column":9}},"line":14},"3":{"name":"(anonymous_3)","decl":{"start":{"line":18,"column":4},"end":{"line":18,"column":5}},"loc":{"start":{"line":18,"column":24},"end":{"line":22,"column":5}},"line":18},"4":{"name":"(anonymous_4)","decl":{"start":{"line":19,"column":49},"end":{"line":19,"column":50}},"loc":{"start":{"line":19,"column":61},"end":{"line":21,"column":9}},"line":19},"5":{"name":"(anonymous_5)","decl":{"start":{"line":23,"column":4},"end":{"line":23,"column":5}},"loc":{"start":{"line":23,"column":27},"end":{"line":30,"column":5}},"line":23},"6":{"name":"(anonymous_6)","decl":{"start":{"line":31,"column":4},"end":{"line":31,"column":5}},"loc":{"start":{"line":31,"column":27},"end":{"line":33,"column":5}},"line":31},"7":{"name":"(anonymous_7)","decl":{"start":{"line":32,"column":43},"end":{"line":32,"column":44}},"loc":{"start":{"line":32,"column":49},"end":{"line":32,"column":71}},"line":32}},"branchMap":{},"s":{"0":4,"1":4,"2":4,"3":4,"4":2,"5":2,"6":1,"7":1,"8":1,"9":1,"10":2,"11":2,"12":1,"13":1,"14":1,"15":1,"16":4},"f":{"0":4,"1":1,"2":1,"3":1,"4":1,"5":2,"6":1,"7":1},"b":{},"_coverageSchema":"332fd63041d2c1bcb487cc26dd0d5f7d97098a6c","hash":"35e73df60b9b62557153ffc119075f29a5c27c23"}
,"C:\\Users\\User\\Desktop\\API_REST\\src\\controller\\AuthControllher.js": {"path":"C:\\Users\\User\\Desktop\\API_REST\\src\\controller\\AuthControllher.js","statementMap":{"0":{"start":{"line":1,"column":13},"end":{"line":1,"column":39}},"1":{"start":{"line":5,"column":22},"end":{"line":5,"column":36}},"2":{"start":{"line":6,"column":25},"end":{"line":6,"column":42}},"3":{"start":{"line":8,"column":21},"end":{"line":8,"column":31}},"4":{"start":{"line":9,"column":28},"end":{"line":9,"column":66}},"5":{"start":{"line":10,"column":8},"end":{"line":10,"column":127}},"6":{"start":{"line":10,"column":61},"end":{"line":10,"column":127}},"7":{"start":{"line":11,"column":8},"end":{"line":11,"column":53}},"8":{"start":{"line":15,"column":0},"end":{"line":15,"column":32}}},"fnMap":{"0":{"name":"(anonymous_0)","decl":{"start":{"line":4,"column":4},"end":{"line":4,"column":5}},"loc":{"start":{"line":4,"column":31},"end":{"line":12,"column":5}},"line":4}},"branchMap":{"0":{"loc":{"start":{"line":10,"column":8},"end":{"line":10,"column":127}},"type":"if","locations":[{"start":{"line":10,"column":8},"end":{"line":10,"column":127}},{"start":{"line":10,"column":8},"end":{"line":10,"column":127}}],"line":10},"1":{"loc":{"start":{"line":10,"column":12},"end":{"line":10,"column":59}},"type":"binary-expr","locations":[{"start":{"line":10,"column":12},"end":{"line":10,"column":30}},{"start":{"line":10,"column":34},"end":{"line":10,"column":59}}],"line":10}},"s":{"0":4,"1":2,"2":2,"3":2,"4":2,"5":2,"6":1,"7":1,"8":4},"f":{"0":2},"b":{"0":[1,1],"1":[2,2]},"_coverageSchema":"332fd63041d2c1bcb487cc26dd0d5f7d97098a6c","hash":"f5011b5673132f7cdefda80eefd439b32f02c0a8"}
,"C:\\Users\\User\\Desktop\\API_REST\\src\\controller\\UsersController.js": {"path":"C:\\Users\\User\\Desktop\\API_REST\\src\\controller\\UsersController.js","statementMap":{"0":{"start":{"line":1,"column":13},"end":{"line":1,"column":40}},"1":{"start":{"line":2,"column":13},"end":{"line":2,"column":23}},"2":{"start":{"line":6,"column":8},"end":{"line":8,"column":11}},"3":{"start":{"line":7,"column":12},"end":{"line":7,"column":41}},"4":{"start":{"line":12,"column":8},"end":{"line":17,"column":9}},"5":{"start":{"line":13,"column":12},"end":{"line":13,"column":43}},"6":{"start":{"line":14,"column":12},"end":{"line":14,"column":50}},"7":{"start":{"line":16,"column":12},"end":{"line":16,"column":66}},"8":{"start":{"line":21,"column":0},"end":{"line":21,"column":33}}},"fnMap":{"0":{"name":"(anonymous_0)","decl":{"start":{"line":5,"column":4},"end":{"line":5,"column":5}},"loc":{"start":{"line":5,"column":28},"end":{"line":9,"column":5}},"line":5},"1":{"name":"(anonymous_1)","decl":{"start":{"line":6,"column":35},"end":{"line":6,"column":36}},"loc":{"start":{"line":6,"column":45},"end":{"line":8,"column":9}},"line":6},"2":{"name":"(anonymous_2)","decl":{"start":{"line":11,"column":4},"end":{"line":11,"column":5}},"loc":{"start":{"line":11,"column":31},"end":{"line":18,"column":5}},"line":11}},"branchMap":{},"s":{"0":4,"1":4,"2":1,"3":1,"4":7,"5":7,"6":3,"7":4,"8":4},"f":{"0":1,"1":1,"2":7},"b":{},"_coverageSchema":"332fd63041d2c1bcb487cc26dd0d5f7d97098a6c","hash":"32f101c865d4c0ca3151043f5eebab512730db30"}
,"C:\\Users\\User\\Desktop\\API_REST\\src\\database\\database.js": {"path":"C:\\Users\\User\\Desktop\\API_REST\\src\\database\\database.js","statementMap":{"0":{"start":{"line":1,"column":13},"end":{"line":11,"column":4}},"1":{"start":{"line":12,"column":2},"end":{"line":12,"column":24}}},"fnMap":{},"branchMap":{},"s":{"0":4,"1":4},"f":{},"b":{},"_coverageSchema":"332fd63041d2c1bcb487cc26dd0d5f7d97098a6c","hash":"78d237032b0677896315e9ba1417ea58f12e0c6a"}
,"C:\\Users\\User\\Desktop\\API_REST\\src\\database\\migrations\\20220403230532_create_users.js": {"path":"C:\\Users\\User\\Desktop\\API_REST\\src\\database\\migrations\\20220403230532_create_users.js","statementMap":{"0":{"start":{"line":1,"column":0},"end":{"line":null,"column":-1}},"1":{"start":{"line":2,"column":4},"end":{"line":null,"column":-1}},"2":{"start":{"line":3,"column":8},"end":{"line":null,"column":-1}},"3":{"start":{"line":4,"column":8},"end":{"line":null,"column":-1}},"4":{"start":{"line":5,"column":8},"end":{"line":null,"column":-1}},"5":{"start":{"line":6,"column":8},"end":{"line":null,"column":-1}},"6":{"start":{"line":10,"column":0},"end":{"line":null,"column":-1}},"7":{"start":{"line":11,"column":4},"end":{"line":null,"column":-1}}},"fnMap":{"0":{"name":"(anonymous_0)","decl":{"start":{"line":1,"column":14},"end":{"line":1,"column":12}},"loc":{"start":{"line":1,"column":23},"end":{"line":1,"column":0}}},"1":{"name":"(anonymous_1)","decl":{"start":{"line":2,"column":45},"end":{"line":2,"column":44}},"loc":{"start":{"line":2,"column":51},"end":{"line":2,"column":11}}},"2":{"name":"(anonymous_2)","decl":{"start":{"line":10,"column":16},"end":{"line":10,"column":14}},"loc":{"start":{"line":10,"column":25},"end":{"line":10,"column":0}}}},"branchMap":{},"s":{"0":0,"1":0,"2":0,"3":0,"4":0,"5":0,"6":0,"7":0},"f":{"0":0,"1":0,"2":0},"b":{}}
,"C:\\Users\\User\\Desktop\\API_REST\\src\\database\\migrations\\20220404232046_create_account.js": {"path":"C:\\Users\\User\\Desktop\\API_REST\\src\\database\\migrations\\20220404232046_create_account.js","statementMap":{"0":{"start":{"line":1,"column":0},"end":{"line":null,"column":-1}},"1":{"start":{"line":2,"column":4},"end":{"line":null,"column":-1}},"2":{"start":{"line":3,"column":8},"end":{"line":null,"column":-1}},"3":{"start":{"line":4,"column":8},"end":{"line":null,"column":-1}},"4":{"start":{"line":5,"column":8},"end":{"line":null,"column":-1}},"5":{"start":{"line":13,"column":0},"end":{"line":null,"column":-1}},"6":{"start":{"line":14,"column":4},"end":{"line":null,"column":-1}}},"fnMap":{"0":{"name":"(anonymous_0)","decl":{"start":{"line":1,"column":14},"end":{"line":1,"column":12}},"loc":{"start":{"line":1,"column":23},"end":{"line":1,"column":0}}},"1":{"name":"(anonymous_1)","decl":{"start":{"line":2,"column":47},"end":{"line":2,"column":45}},"loc":{"start":{"line":2,"column":57},"end":{"line":2,"column":11}}},"2":{"name":"(anonymous_2)","decl":{"start":{"line":13,"column":16},"end":{"line":13,"column":14}},"loc":{"start":{"line":13,"column":25},"end":{"line":13,"column":0}}}},"branchMap":{},"s":{"0":0,"1":0,"2":0,"3":0,"4":0,"5":0,"6":0},"f":{"0":0,"1":0,"2":0},"b":{}}
,"C:\\Users\\User\\Desktop\\API_REST\\src\\service\\Account.js": {"path":"C:\\Users\\User\\Desktop\\API_REST\\src\\service\\Account.js","statementMap":{"0":{"start":{"line":1,"column":13},"end":{"line":1,"column":44}},"1":{"start":{"line":2,"column":19},"end":{"line":2,"column":58}},"2":{"start":{"line":6,"column":8},"end":{"line":6,"column":82}},"3":{"start":{"line":6,"column":27},"end":{"line":6,"column":82}},"4":{"start":{"line":7,"column":8},"end":{"line":7,"column":87}},"5":{"start":{"line":7,"column":30},"end":{"line":7,"column":87}},"6":{"start":{"line":8,"column":8},"end":{"line":8,"column":47}},"7":{"start":{"line":11,"column":8},"end":{"line":11,"column":43}},"8":{"start":{"line":14,"column":8},"end":{"line":14,"column":49}},"9":{"start":{"line":17,"column":8},"end":{"line":17,"column":68}},"10":{"start":{"line":17,"column":16},"end":{"line":17,"column":68}},"11":{"start":{"line":18,"column":8},"end":{"line":18,"column":77}},"12":{"start":{"line":18,"column":23},"end":{"line":18,"column":77}},"13":{"start":{"line":19,"column":8},"end":{"line":19,"column":56}},"14":{"start":{"line":22,"column":8},"end":{"line":22,"column":49}},"15":{"start":{"line":26,"column":0},"end":{"line":26,"column":25}}},"fnMap":{"0":{"name":"(anonymous_0)","decl":{"start":{"line":5,"column":4},"end":{"line":5,"column":5}},"loc":{"start":{"line":5,"column":33},"end":{"line":9,"column":5}},"line":5},"1":{"name":"(anonymous_1)","decl":{"start":{"line":10,"column":4},"end":{"line":10,"column":5}},"loc":{"start":{"line":10,"column":27},"end":{"line":12,"column":5}},"line":10},"2":{"name":"(anonymous_2)","decl":{"start":{"line":13,"column":4},"end":{"line":13,"column":5}},"loc":{"start":{"line":13,"column":19},"end":{"line":15,"column":5}},"line":13},"3":{"name":"(anonymous_3)","decl":{"start":{"line":16,"column":4},"end":{"line":16,"column":5}},"loc":{"start":{"line":16,"column":26},"end":{"line":20,"column":5}},"line":16},"4":{"name":"(anonymous_4)","decl":{"start":{"line":21,"column":4},"end":{"line":21,"column":5}},"loc":{"start":{"line":21,"column":20},"end":{"line":23,"column":5}},"line":21}},"branchMap":{"0":{"loc":{"start":{"line":6,"column":8},"end":{"line":6,"column":82}},"type":"if","locations":[{"start":{"line":6,"column":8},"end":{"line":6,"column":82}},{"start":{"line":6,"column":8},"end":{"line":6,"column":82}}],"line":6},"1":{"loc":{"start":{"line":7,"column":8},"end":{"line":7,"column":87}},"type":"if","locations":[{"start":{"line":7,"column":8},"end":{"line":7,"column":87}},{"start":{"line":7,"column":8},"end":{"line":7,"column":87}}],"line":7},"2":{"loc":{"start":{"line":17,"column":8},"end":{"line":17,"column":68}},"type":"if","locations":[{"start":{"line":17,"column":8},"end":{"line":17,"column":68}},{"start":{"line":17,"column":8},"end":{"line":17,"column":68}}],"line":17},"3":{"loc":{"start":{"line":18,"column":8},"end":{"line":18,"column":77}},"type":"if","locations":[{"start":{"line":18,"column":8},"end":{"line":18,"column":77}},{"start":{"line":18,"column":8},"end":{"line":18,"column":77}}],"line":18}},"s":{"0":4,"1":4,"2":4,"3":1,"4":3,"5":1,"6":2,"7":1,"8":1,"9":2,"10":0,"11":2,"12":1,"13":1,"14":1,"15":4},"f":{"0":4,"1":1,"2":1,"3":2,"4":1},"b":{"0":[1,3],"1":[1,2],"2":[0,2],"3":[1,1]},"_coverageSchema":"332fd63041d2c1bcb487cc26dd0d5f7d97098a6c","hash":"24d142df9b47c3d40afede2755adbc148f095569"}
,"C:\\Users\\User\\Desktop\\API_REST\\src\\service\\Auth.js": {"path":"C:\\Users\\User\\Desktop\\API_REST\\src\\service\\Auth.js","statementMap":{"0":{"start":{"line":1,"column":13},"end":{"line":1,"column":44}},"1":{"start":{"line":2,"column":12},"end":{"line":2,"column":33}},"2":{"start":{"line":3,"column":15},"end":{"line":3,"column":39}},"3":{"start":{"line":4,"column":23},"end":{"line":4,"column":62}},"4":{"start":{"line":10,"column":8},"end":{"line":23,"column":11}},"5":{"start":{"line":11,"column":12},"end":{"line":22,"column":13}},"6":{"start":{"line":12,"column":32},"end":{"line":16,"column":17}},"7":{"start":{"line":17,"column":16},"end":{"line":17,"column":36}},"8":{"start":{"line":18,"column":16},"end":{"line":18,"column":55}},"9":{"start":{"line":21,"column":16},"end":{"line":21,"column":54}},"10":{"start":{"line":24,"column":8},"end":{"line":24,"column":21}},"11":{"start":{"line":27,"column":0},"end":{"line":27,"column":22}}},"fnMap":{"0":{"name":"(anonymous_0)","decl":{"start":{"line":8,"column":4},"end":{"line":8,"column":5}},"loc":{"start":{"line":8,"column":34},"end":{"line":25,"column":5}},"line":8},"1":{"name":"(anonymous_1)","decl":{"start":{"line":10,"column":65},"end":{"line":10,"column":66}},"loc":{"start":{"line":10,"column":72},"end":{"line":23,"column":9}},"line":10}},"branchMap":{"0":{"loc":{"start":{"line":11,"column":12},"end":{"line":22,"column":13}},"type":"if","locations":[{"start":{"line":11,"column":12},"end":{"line":22,"column":13}},{"start":{"line":11,"column":12},"end":{"line":22,"column":13}}],"line":11}},"s":{"0":4,"1":4,"2":4,"3":4,"4":2,"5":2,"6":1,"7":1,"8":1,"9":1,"10":2,"11":4},"f":{"0":2,"1":2},"b":{"0":[1,1]},"_coverageSchema":"332fd63041d2c1bcb487cc26dd0d5f7d97098a6c","hash":"a329890b53facd6615fe5816038cdcd0159556ab"}
,"C:\\Users\\User\\Desktop\\API_REST\\src\\service\\Users.js": {"path":"C:\\Users\\User\\Desktop\\API_REST\\src\\service\\Users.js","statementMap":{"0":{"start":{"line":1,"column":13},"end":{"line":1,"column":44}},"1":{"start":{"line":2,"column":19},"end":{"line":2,"column":58}},"2":{"start":{"line":3,"column":15},"end":{"line":3,"column":39}},"3":{"start":{"line":7,"column":8},"end":{"line":7,"column":41}},"4":{"start":{"line":11,"column":21},"end":{"line":11,"column":43}},"5":{"start":{"line":12,"column":8},"end":{"line":12,"column":43}},"6":{"start":{"line":16,"column":8},"end":{"line":16,"column":79}},"7":{"start":{"line":16,"column":24},"end":{"line":16,"column":79}},"8":{"start":{"line":17,"column":8},"end":{"line":17,"column":81}},"9":{"start":{"line":17,"column":25},"end":{"line":17,"column":81}},"10":{"start":{"line":18,"column":8},"end":{"line":18,"column":84}},"11":{"start":{"line":18,"column":28},"end":{"line":18,"column":84}},"12":{"start":{"line":19,"column":27},"end":{"line":19,"column":87}},"13":{"start":{"line":20,"column":8},"end":{"line":20,"column":109}},"14":{"start":{"line":20,"column":49},"end":{"line":20,"column":109}},"15":{"start":{"line":21,"column":8},"end":{"line":21,"column":52}},"16":{"start":{"line":22,"column":8},"end":{"line":22,"column":42}},"17":{"start":{"line":26,"column":0},"end":{"line":26,"column":23}}},"fnMap":{"0":{"name":"(anonymous_0)","decl":{"start":{"line":6,"column":4},"end":{"line":6,"column":5}},"loc":{"start":{"line":6,"column":20},"end":{"line":8,"column":5}},"line":6},"1":{"name":"(anonymous_1)","decl":{"start":{"line":10,"column":4},"end":{"line":10,"column":5}},"loc":{"start":{"line":10,"column":19},"end":{"line":13,"column":5}},"line":10},"2":{"name":"(anonymous_2)","decl":{"start":{"line":15,"column":4},"end":{"line":15,"column":5}},"loc":{"start":{"line":15,"column":21},"end":{"line":23,"column":5}},"line":15}},"branchMap":{"0":{"loc":{"start":{"line":16,"column":8},"end":{"line":16,"column":79}},"type":"if","locations":[{"start":{"line":16,"column":8},"end":{"line":16,"column":79}},{"start":{"line":16,"column":8},"end":{"line":16,"column":79}}],"line":16},"1":{"loc":{"start":{"line":17,"column":8},"end":{"line":17,"column":81}},"type":"if","locations":[{"start":{"line":17,"column":8},"end":{"line":17,"column":81}},{"start":{"line":17,"column":8},"end":{"line":17,"column":81}}],"line":17},"2":{"loc":{"start":{"line":18,"column":8},"end":{"line":18,"column":84}},"type":"if","locations":[{"start":{"line":18,"column":8},"end":{"line":18,"column":84}},{"start":{"line":18,"column":8},"end":{"line":18,"column":84}}],"line":18},"3":{"loc":{"start":{"line":20,"column":8},"end":{"line":20,"column":109}},"type":"if","locations":[{"start":{"line":20,"column":8},"end":{"line":20,"column":109}},{"start":{"line":20,"column":8},"end":{"line":20,"column":109}}],"line":20},"4":{"loc":{"start":{"line":20,"column":12},"end":{"line":20,"column":47}},"type":"binary-expr","locations":[{"start":{"line":20,"column":12},"end":{"line":20,"column":22}},{"start":{"line":20,"column":26},"end":{"line":20,"column":47}}],"line":20}},"s":{"0":4,"1":4,"2":4,"3":2,"4":4,"5":4,"6":8,"7":1,"8":7,"9":1,"10":6,"11":1,"12":5,"13":5,"14":1,"15":4,"16":4,"17":4},"f":{"0":2,"1":4,"2":8},"b":{"0":[1,7],"1":[1,6],"2":[1,5],"3":[1,4],"4":[5,5]},"_coverageSchema":"332fd63041d2c1bcb487cc26dd0d5f7d97098a6c","hash":"7cfb723543de6dbd1d3f4b9639233c4ed502ea9f"}
,"C:\\Users\\User\\Desktop\\API_REST\\src\\validation\\validationErro.js": {"path":"C:\\Users\\User\\Desktop\\API_REST\\src\\validation\\validationErro.js","statementMap":{"0":{"start":{"line":1,"column":0},"end":{"line":4,"column":1}},"1":{"start":{"line":2,"column":4},"end":{"line":2,"column":34}},"2":{"start":{"line":3,"column":4},"end":{"line":3,"column":27}}},"fnMap":{"0":{"name":"ValidationError","decl":{"start":{"line":1,"column":26},"end":{"line":1,"column":41}},"loc":{"start":{"line":1,"column":51},"end":{"line":4,"column":1}},"line":1}},"branchMap":{},"s":{"0":4,"1":8,"2":8},"f":{"0":8},"b":{},"_coverageSchema":"332fd63041d2c1bcb487cc26dd0d5f7d97098a6c","hash":"5eb0201d3b77b0914865ad8d15810ddd824794d1"}
}
