TN:
SF:C:\Users\User\Desktop\API_REST\src\app.js
FN:19,(anonymous_0)
FNF:1
FNH:1
FNDA:1,(anonymous_0)
DA:1,4
DA:2,4
DA:3,4
DA:4,4
DA:5,4
DA:14,4
DA:15,4
DA:16,4
DA:17,4
DA:18,4
DA:19,4
DA:20,1
DA:23,4
LF:13
LH:13
BRF:0
BRH:0
end_of_record
TN:
SF:C:\Users\User\Desktop\API_REST\src\routes.js
FNF:0
FNH:0
DA:1,4
DA:2,4
DA:3,4
DA:4,4
DA:5,4
DA:8,4
DA:9,4
DA:10,4
DA:13,4
DA:14,4
DA:17,4
DA:18,4
DA:19,4
DA:20,4
DA:21,4
DA:24,4
DA:25,4
LF:17
LH:17
BRF:0
BRH:0
end_of_record
TN:
SF:C:\Users\User\Desktop\API_REST\src\server.js
FN:3,(anonymous_0)
FNF:1
FNH:0
FNDA:0,(anonymous_0)
DA:1,0
DA:3,0
DA:4,0
LF:3
LH:0
BRF:0
BRH:0
end_of_record
TN:
SF:C:\Users\User\Desktop\API_REST\src\config\passport.js
FN:1,adminAuth
FNF:1
FNH:0
FNDA:0,adminAuth
DA:2,0
DA:3,0
DA:4,0
DA:6,0
DA:9,0
DA:10,0
DA:13,0
LF:7
LH:0
BRDA:3,0,0,0
BRDA:3,0,1,0
BRF:2
BRH:0
end_of_record
TN:
SF:C:\Users\User\Desktop\API_REST\src\controller\AccountController.js
FN:5,(anonymous_0)
FN:13,(anonymous_1)
FN:14,(anonymous_2)
FN:18,(anonymous_3)
FN:19,(anonymous_4)
FN:23,(anonymous_5)
FN:31,(anonymous_6)
FN:32,(anonymous_7)
FNF:8
FNH:8
FNDA:4,(anonymous_0)
FNDA:1,(anonymous_1)
FNDA:1,(anonymous_2)
FNDA:1,(anonymous_3)
FNDA:1,(anonymous_4)
FNDA:2,(anonymous_5)
FNDA:1,(anonymous_6)
FNDA:1,(anonymous_7)
DA:1,4
DA:2,4
DA:6,4
DA:7,4
DA:8,2
DA:10,2
DA:14,1
DA:15,1
DA:19,1
DA:20,1
DA:24,2
DA:25,2
DA:26,1
DA:28,1
DA:32,1
DA:35,4
LF:16
LH:16
BRF:0
BRH:0
end_of_record
TN:
SF:C:\Users\User\Desktop\API_REST\src\controller\AuthControllher.js
FN:4,(anonymous_0)
FNF:1
FNH:1
FNDA:2,(anonymous_0)
DA:1,4
DA:5,2
DA:6,2
DA:8,2
DA:9,2
DA:10,2
DA:11,1
DA:15,4
LF:8
LH:8
BRDA:10,0,0,1
BRDA:10,0,1,1
BRDA:10,1,0,2
BRDA:10,1,1,2
BRF:4
BRH:4
end_of_record
TN:
SF:C:\Users\User\Desktop\API_REST\src\controller\UsersController.js
FN:5,(anonymous_0)
FN:6,(anonymous_1)
FN:11,(anonymous_2)
FNF:3
FNH:3
FNDA:1,(anonymous_0)
FNDA:1,(anonymous_1)
FNDA:7,(anonymous_2)
DA:1,4
DA:2,4
DA:6,1
DA:7,1
DA:12,7
DA:13,7
DA:14,3
DA:16,4
DA:21,4
LF:9
LH:9
BRF:0
BRH:0
end_of_record
TN:
SF:C:\Users\User\Desktop\API_REST\src\database\database.js
FNF:0
FNH:0
DA:1,4
DA:12,4
LF:2
LH:2
BRF:0
BRH:0
end_of_record
TN:
SF:C:\Users\User\Desktop\API_REST\src\database\migrations\20220403230532_create_users.js
FN:1,(anonymous_0)
FN:2,(anonymous_1)
FN:10,(anonymous_2)
FNF:3
FNH:0
FNDA:0,(anonymous_0)
FNDA:0,(anonymous_1)
FNDA:0,(anonymous_2)
DA:1,0
DA:2,0
DA:3,0
DA:4,0
DA:5,0
DA:6,0
DA:10,0
DA:11,0
LF:8
LH:0
BRF:0
BRH:0
end_of_record
TN:
SF:C:\Users\User\Desktop\API_REST\src\database\migrations\20220404232046_create_account.js
FN:1,(anonymous_0)
FN:2,(anonymous_1)
FN:13,(anonymous_2)
FNF:3
FNH:0
FNDA:0,(anonymous_0)
FNDA:0,(anonymous_1)
FNDA:0,(anonymous_2)
DA:1,0
DA:2,0
DA:3,0
DA:4,0
DA:5,0
DA:13,0
DA:14,0
LF:7
LH:0
BRF:0
BRH:0
end_of_record
TN:
SF:C:\Users\User\Desktop\API_REST\src\service\Account.js
FN:5,(anonymous_0)
FN:10,(anonymous_1)
FN:13,(anonymous_2)
FN:16,(anonymous_3)
FN:21,(anonymous_4)
FNF:5
FNH:5
FNDA:4,(anonymous_0)
FNDA:1,(anonymous_1)
FNDA:1,(anonymous_2)
FNDA:2,(anonymous_3)
FNDA:1,(anonymous_4)
DA:1,4
DA:2,4
DA:6,4
DA:7,3
DA:8,2
DA:11,1
DA:14,1
DA:17,2
DA:18,2
DA:19,1
DA:22,1
DA:26,4
LF:12
LH:12
BRDA:6,0,0,1
BRDA:6,0,1,3
BRDA:7,1,0,1
BRDA:7,1,1,2
BRDA:17,2,0,0
BRDA:17,2,1,2
BRDA:18,3,0,1
BRDA:18,3,1,1
BRF:8
BRH:7
end_of_record
TN:
SF:C:\Users\User\Desktop\API_REST\src\service\Auth.js
FN:8,(anonymous_0)
FN:10,(anonymous_1)
FNF:2
FNH:2
FNDA:2,(anonymous_0)
FNDA:2,(anonymous_1)
DA:1,4
DA:2,4
DA:3,4
DA:4,4
DA:10,2
DA:11,2
DA:12,1
DA:17,1
DA:18,1
DA:21,1
DA:24,2
DA:27,4
LF:12
LH:12
BRDA:11,0,0,1
BRDA:11,0,1,1
BRF:2
BRH:2
end_of_record
TN:
SF:C:\Users\User\Desktop\API_REST\src\service\Users.js
FN:6,(anonymous_0)
FN:10,(anonymous_1)
FN:15,(anonymous_2)
FNF:3
FNH:3
FNDA:2,(anonymous_0)
FNDA:4,(anonymous_1)
FNDA:8,(anonymous_2)
DA:1,4
DA:2,4
DA:3,4
DA:7,2
DA:11,4
DA:12,4
DA:16,8
DA:17,7
DA:18,6
DA:19,5
DA:20,5
DA:21,4
DA:22,4
DA:26,4
LF:14
LH:14
BRDA:16,0,0,1
BRDA:16,0,1,7
BRDA:17,1,0,1
BRDA:17,1,1,6
BRDA:18,2,0,1
BRDA:18,2,1,5
BRDA:20,3,0,1
BRDA:20,3,1,4
BRDA:20,4,0,5
BRDA:20,4,1,5
BRF:10
BRH:10
end_of_record
TN:
SF:C:\Users\User\Desktop\API_REST\src\validation\validationErro.js
FN:1,ValidationError
FNF:1
FNH:1
FNDA:8,ValidationError
DA:1,4
DA:2,8
DA:3,8
LF:3
LH:3
BRF:0
BRH:0
end_of_record
